Script started on Thu 18 Sep 2014 12:23:10 PM EDT
]0;crpeck@nix1:~/dev/vagrant-mabug[?1034h[crpeck@nix1 vagrant-mabug]$ vagrant up
[0mBringing machine 'default' up with 'virtualbox' provider...[0m
[1m==> default: Importing base box 'wmit/trusty64'...[0m
[0m[K[0m[0mProgress: 10%[0m[0m[K[0m[0mProgress: 30%[0m[0m[K[0m[0mProgress: 90%[0m[0m[K[0m[1m==> default: Matching MAC address for NAT networking...[0m
[1m==> default: Checking if box 'wmit/trusty64' is up to date...[0m
[1m==> default: Setting the name of the VM: vagrant-mabug_default_1411057472791_65245[0m
[1m==> default: Clearing any previously set network interfaces...[0m
[1m==> default: Preparing network interfaces based on configuration...[0m
[0m    default: Adapter 1: nat[0m
[1m==> default: Forwarding ports...[0m
[0m    default: 8080 => 8080 (adapter 1)[0m
[0m    default: 8090 => 8090 (adapter 1)[0m
[0m    default: 22 => 2222 (adapter 1)[0m
[1m==> default: Running 'pre-boot' VM customizations...[0m
[1m==> default: Booting VM...[0m
[1m==> default: Waiting for machine to boot. This may take a few minutes...[0m
[0m    default: SSH address: 127.0.0.1:2222[0m
[0m    default: SSH username: vagrant[0m
[0m    default: SSH auth method: private key[0m
[0m    default: Warning: Connection timeout. Retrying...[0m
[1m==> default: Machine booted and ready![0m
[1m==> default: Checking for guest additions in VM...[0m
[1m==> default: Mounting shared folders...[0m
[0m    default: /vagrant => /tank/crpeck/home/dev/vagrant-mabug[0m
[0m    default: /tmp/vagrant-puppet-3/manifests => /tank/crpeck/home/dev/vagrant-mabug/puppet/manifests[0m
[0m    default: /tmp/vagrant-puppet-3/modules-0 => /tank/crpeck/home/dev/vagrant-mabug/puppet/modules[0m
[1m==> default: Running provisioner: shell...[0m
[0m    default: Running: /tmp/vagrant-shell20140918-4574-158mi5f.sh[0m
[1;31m==> default: stdin: is not a tty[0m
[1;32m==> default: Provisioning...[0m
[1;32m==> default: Ign http://apt.puppetlabs.com trusty InRelease[0m
[1;32m==> default: Get:1 http://apt.puppetlabs.com trusty Release.gpg [876 B][0m
[1;32m==> default: Ign http://security.ubuntu.com trusty-security InRelease[0m
[1;32m==> default: Get:2 http://apt.puppetlabs.com trusty Release [22.3 kB][0m
[1;32m==> default: Ign http://archive.ubuntu.com trusty InRelease[0m
[1;32m==> default: Get:3 http://security.ubuntu.com trusty-security Release.gpg [933 B][0m
[1;32m==> default: Ign http://archive.ubuntu.com trusty-updates InRelease[0m
[1;32m==> default: Get:4 http://apt.puppetlabs.com trusty/main Sources [8,224 B][0m
[1;32m==> default: Get:5 http://security.ubuntu.com trusty-security Release [59.7 kB][0m
[1;32m==> default: Get:6 http://archive.ubuntu.com trusty Release.gpg [933 B][0m
[1;32m==> default: Get:7 http://apt.puppetlabs.com trusty/dependencies Sources [1,067 B][0m
[1;32m==> default: Get:8 http://apt.puppetlabs.com trusty/main amd64 Packages [16.1 kB][0m
[1;32m==> default: Get:9 http://archive.ubuntu.com trusty-updates Release.gpg [933 B][0m
[1;32m==> default: Get:10 http://apt.puppetlabs.com trusty/dependencies amd64 Packages [645 B][0m
[1;32m==> default: Get:11 http://apt.puppetlabs.com trusty/main i386 Packages [16.1 kB][0m
[1;32m==> default: Get:12 http://archive.ubuntu.com trusty Release [58.5 kB][0m
[1;32m==> default: Get:13 http://apt.puppetlabs.com trusty/dependencies i386 Packages [645 B][0m
[1;32m==> default: Get:14 http://security.ubuntu.com trusty-security/main Sources [44.3 kB][0m
[1;32m==> default: Get:15 http://archive.ubuntu.com trusty-updates Release [59.7 kB][0m
[1;32m==> default: Get:16 http://security.ubuntu.com trusty-security/universe Sources [10.8 kB][0m
[1;32m==> default: Get:17 http://security.ubuntu.com trusty-security/main amd64 Packages [140 kB][0m
[1;32m==> default: Get:18 http://archive.ubuntu.com trusty/main Sources [1,064 kB][0m
[1;32m==> default: Ign http://apt.puppetlabs.com trusty/dependencies Translation-en_US[0m
[1;32m==> default: Ign http://apt.puppetlabs.com trusty/dependencies Translation-en[0m
[1;32m==> default: Get:19 http://security.ubuntu.com trusty-security/universe amd64 Packages [47.0 kB][0m
[1;32m==> default: Ign http://apt.puppetlabs.com trusty/main Translation-en_US[0m
[1;32m==> default: Ign http://apt.puppetlabs.com trusty/main Translation-en[0m
[1;32m==> default: Get:20 http://security.ubuntu.com trusty-security/main i386 Packages [133 kB][0m
[1;32m==> default: Get:21 http://security.ubuntu.com trusty-security/universe i386 Packages [47.0 kB][0m
[1;32m==> default: Get:22 http://security.ubuntu.com trusty-security/main Translation-en [68.0 kB][0m
[1;32m==> default: Hit http://security.ubuntu.com trusty-security/universe Translation-en[0m
[1;32m==> default: Get:23 http://archive.ubuntu.com trusty/universe Sources [6,399 kB][0m
[1;32m==> default: Get:24 http://archive.ubuntu.com trusty/main amd64 Packages [1,350 kB][0m
[1;32m==> default: Get:25 http://archive.ubuntu.com trusty/universe amd64 Packages [5,859 kB][0m
[1;32m==> default: Get:26 http://archive.ubuntu.com trusty/main i386 Packages [1,348 kB][0m
[1;32m==> default: Get:27 http://archive.ubuntu.com trusty/universe i386 Packages [5,866 kB][0m
[1;32m==> default: Get:28 http://archive.ubuntu.com trusty/main Translation-en [762 kB][0m
[1;32m==> default: Get:29 http://archive.ubuntu.com trusty/universe Translation-en [4,089 kB][0m
[1;32m==> default: Get:30 http://archive.ubuntu.com trusty-updates/main Sources [120 kB][0m
[1;32m==> default: Get:31 http://archive.ubuntu.com trusty-updates/universe Sources [84.4 kB][0m
[1;32m==> default: Get:32 http://archive.ubuntu.com trusty-updates/main amd64 Packages [320 kB][0m
[1;32m==> default: Get:33 http://archive.ubuntu.com trusty-updates/universe amd64 Packages [203 kB][0m
[1;32m==> default: Get:34 http://archive.ubuntu.com trusty-updates/main i386 Packages [314 kB][0m
[1;32m==> default: Get:35 http://archive.ubuntu.com trusty-updates/universe i386 Packages [203 kB][0m
[1;32m==> default: Get:36 http://archive.ubuntu.com trusty-updates/main Translation-en [143 kB][0m
[1;32m==> default: Get:37 http://archive.ubuntu.com trusty-updates/universe Translation-en [101 kB][0m
[1;32m==> default: Ign http://archive.ubuntu.com trusty/main Translation-en_US[0m
[1;32m==> default: Ign http://archive.ubuntu.com trusty/universe Translation-en_US[0m
[1;32m==> default: Fetched 29.0 MB in 45s (640 kB/s)
==> default: Reading package lists...[0m
[1;32m==> default: Installing ruby-dev[0m
[1;32m==> default: Reading package lists...[0m
[1;32m==> default: Building dependency tree...[0m
[1;32m==> default: Reading state information...[0m
[1;32m==> default: The following extra packages will be installed:[0m
[1;32m==> default:   ruby1.9.1-dev[0m
[1;32m==> default: The following NEW packages will be installed:[0m
[1;32m==> default:   ruby-dev ruby1.9.1-dev[0m
[1;32m==> default: 0 upgraded, 2 newly installed, 0 to remove and 21 not upgraded.
==> default: Need to get 877 kB of archives.
==> default: After this operation, 4,228 kB of additional disk space will be used.
==> default: Get:1 http://archive.ubuntu.com/ubuntu/ trusty/main ruby1.9.1-dev amd64 1.9.3.484-2ubuntu1 [872 kB][0m
[1;32m==> default: Get:2 http://archive.ubuntu.com/ubuntu/ trusty/main ruby-dev all 1:1.9.3.4 [4,660 B][0m
[1;31m==> default: dpkg-preconfigure: unable to re-open stdin: No such file or directory[0m
[1;32m==> default: Fetched 877 kB in 7s (122 kB/s)[0m
[1;32m==> default: Selecting previously unselected package ruby1.9.1-dev.[0m
[1;32m==> default: (Reading database ... 91144 files and directories currently installed.)[0m
[1;32m==> default: Preparing to unpack .../ruby1.9.1-dev_1.9.3.484-2ubuntu1_amd64.deb ...[0m
[1;32m==> default: Unpacking ruby1.9.1-dev (1.9.3.484-2ubuntu1) ...[0m
[1;32m==> default: Selecting previously unselected package ruby-dev.[0m
[1;32m==> default: Preparing to unpack .../ruby-dev_1%3a1.9.3.4_all.deb ...[0m
[1;32m==> default: Unpacking ruby-dev (1:1.9.3.4) ...[0m
[1;32m==> default: Setting up ruby1.9.1-dev (1.9.3.484-2ubuntu1) ...[0m
[1;32m==> default: Setting up ruby-dev (1:1.9.3.4) ...[0m
[1;32m==> default: Installing librarian-puppet[0m
[1;32m==> default: Building native extensions.  This could take a while...[0m
[1;32m==> default: Successfully installed thor-0.19.1
==> default: Successfully installed highline-1.6.21
==> default: Successfully installed librarian-0.1.2
==> default: Successfully installed i18n-0.6.11
==> default: Successfully installed json-1.8.1
==> default: Successfully installed thread_safe-0.3.4
==> default: Successfully installed tzinfo-1.2.2
==> default: Successfully installed minitest-5.4.1
==> default: Successfully installed activesupport-4.1.6
==> default: Successfully installed builder-3.2.2
==> default: Successfully installed activemodel-4.1.6
==> default: Successfully installed multipart-post-2.0.0
==> default: Successfully installed faraday-0.9.0
==> default: Successfully installed multi_json-1.10.1
==> default: Successfully installed her-0.7.2
==> default: Successfully installed puppet_forge-1.0.3
==> default: Successfully installed librarian-puppet-1.3.2
==> default: 17 gems installed
==> default: Installing ri documentation for thor-0.19.1...
==> default: Installing ri documentation for highline-1.6.21...
==> default: Installing ri documentation for librarian-0.1.2...
==> default: Installing ri documentation for i18n-0.6.11...
==> default: Installing ri documentation for json-1.8.1...
==> default: Installing ri documentation for thread_safe-0.3.4...
==> default: Installing ri documentation for tzinfo-1.2.2...
==> default: Installing ri documentation for minitest-5.4.1...
==> default: Installing ri documentation for activesupport-4.1.6...
==> default: Installing ri documentation for builder-3.2.2...
==> default: Installing ri documentation for activemodel-4.1.6...
==> default: Installing ri documentation for multipart-post-2.0.0...
==> default: Installing ri documentation for faraday-0.9.0...
==> default: Installing ri documentation for multi_json-1.10.1...
==> default: Installing ri documentation for her-0.7.2...
==> default: Installing ri documentation for puppet_forge-1.0.3...
==> default: Installing ri documentation for librarian-puppet-1.3.2...
==> default: Installing RDoc documentation for thor-0.19.1...
==> default: Installing RDoc documentation for highline-1.6.21...
==> default: Installing RDoc documentation for librarian-0.1.2...
==> default: Installing RDoc documentation for i18n-0.6.11...
==> default: Installing RDoc documentation for json-1.8.1...
==> default: Installing RDoc documentation for thread_safe-0.3.4...
==> default: Installing RDoc documentation for tzinfo-1.2.2...
==> default: Installing RDoc documentation for minitest-5.4.1...
==> default: Installing RDoc documentation for activesupport-4.1.6...
==> default: Installing RDoc documentation for builder-3.2.2...
==> default: Installing RDoc documentation for activemodel-4.1.6...
==> default: Installing RDoc documentation for multipart-post-2.0.0...
==> default: Installing RDoc documentation for faraday-0.9.0...
==> default: Installing RDoc documentation for multi_json-1.10.1...
==> default: Installing RDoc documentation for her-0.7.2...
==> default: Installing RDoc documentation for puppet_forge-1.0.3...
==> default: Installing RDoc documentation for librarian-puppet-1.3.2...[0m
[1;32m==> default: Installing puppet modules from Puppetfile[0m
[1;32m==> default: Invalid module name 'guest_additions', you should qualify it with 'ORGANIZATION-guest_additions' for resolution to work correctly[0m
[1;32m==> default: Invalid module name 'jenkins', you should qualify it with 'ORGANIZATION-jenkins' for resolution to work correctly[0m
[1;32m==> default: Invalid module name 'sudoers', you should qualify it with 'ORGANIZATION-sudoers' for resolution to work correctly[0m
[1;32m==> default: Invalid module name 'tomcat7', you should qualify it with 'ORGANIZATION-tomcat7' for resolution to work correctly[0m
[1;32m==> default: Creating file /tmp/init.ran, to run init.sh during provisioning again you[0m
[1;32m==> default: must remove the file named /tmp/init.ran inside the vagrant box[0m
[1;32m==> default: init.sh finished[0m
[1m==> default: Running provisioner: puppet...[0m
[1m==> default: Running Puppet with site.pp...[0m
[1m==> default: stdin: is not a tty[0m
[1m==> default: [1;31mWarning: Setting templatedir is deprecated. See http://links.puppetlabs.com/env-settings-deprecations
==> default:    (at /usr/lib/ruby/vendor_ruby/puppet/settings.rb:1110:in `issue_deprecation_warning')[0m[0m
[1m==> default: [0;32mInfo: Loading facts[0m[0m
[1m==> default: [0;32mInfo: Loading facts[0m[0m
[1m==> default: [0;32mInfo: Loading facts[0m[0m
[1m==> default: [1;31mWarning: Config file /etc/puppet/hiera.yaml not found, using Hiera defaults[0m[0m
[1m==> default: [mNotice: Scope(Class[Tomcat7::Config]): NOTE - Puppet is managing the server.xml file: manage_serverxml=true[0m[0m
[1m==> default: [1;31mWarning: Scope(Class[Apt::Update]): Could not look up qualified variable 'apt::update_timeout'; class apt has not been evaluated[0m[0m
[1m==> default: [1;31mWarning: Scope(Class[Apt::Update]): Could not look up qualified variable 'apt::update_tries'; class apt has not been evaluated[0m[0m
[1m==> default: [mNotice: Compiled catalog for trusty64 in environment production in 2.72 seconds[0m[0m
[1m==> default: [1;31mWarning: Found multiple default providers for vcsrepo: dummy, git, p4; using dummy[0m[0m
[1m==> default: [0;32mInfo: Applying configuration version '1411057694'[0m[0m
[1m==> default: [mNotice: /Stage[main]/Main/File[/home/vagrant/.gitconfig]/ensure: created[0m[0m
[1m==> default: [mNotice: /Stage[main]/Main/Package[curl]/ensure: ensure changed 'purged' to 'present'[0m[0m
[1m==> default: [mNotice: /Stage[main]/Tomcat7::Package/Package[openjdk-7-jre-headless]/ensure: ensure changed 'purged' to 'latest'[0m[0m
[1m==> default: [mNotice: /Stage[main]/Main/Package[maven]/ensure: ensure changed 'purged' to 'present'[0m[0m
[1m==> default: [mNotice: /Stage[main]/Tomcat7::Package/Package[tomcat7]/ensure: ensure changed 'purged' to 'latest'[0m[0m
[1m==> default: [mNotice: /Stage[main]/Tomcat7::Package/Package[tomcat7-admin]/ensure: ensure changed 'purged' to 'latest'[0m[0m
[1m==> default: [0;32mInfo: Computing checksum on file /etc/tomcat7/Catalina/localhost/manager.xml[0m[0m
[1m==> default: [0;32mInfo: /Stage[main]/Tomcat7::Config/File[/etc/tomcat7/Catalina/localhost/manager.xml]: Filebucketed /etc/tomcat7/Catalina/localhost/manager.xml to puppet with sum 99add00bb6ef6d72f6e9465e652d0462[0m[0m
[1m==> default: [mNotice: /Stage[main]/Tomcat7::Config/File[/etc/tomcat7/Catalina/localhost/manager.xml]/content: content changed '{md5}99add00bb6ef6d72f6e9465e652d0462' to '{md5}c81327bbab42a18ccb32868b25026df7'[0m[0m
[1m==> default: [mNotice: /Stage[main]/Tomcat7::Config/File[/etc/tomcat7/Catalina/localhost/manager.xml]/group: group changed 'root' to 'tomcat7'[0m[0m
[1m==> default: [mNotice: /Stage[main]/Tomcat7::Config/File[/var/lib/tomcat7/bin]/ensure: created[0m[0m
[1m==> default: [0;32mInfo: Computing checksum on file /etc/default/tomcat7[0m[0m
[1m==> default: [0;32mInfo: /Stage[main]/Tomcat7::Config/File[/etc/default/tomcat7]: Filebucketed /etc/default/tomcat7 to puppet with sum 5a5a3bbc67839dafac53f9347e765d53[0m[0m
[1m==> default: [mNotice: /Stage[main]/Tomcat7::Config/File[/etc/default/tomcat7]/content: content changed '{md5}5a5a3bbc67839dafac53f9347e765d53' to '{md5}e87de2928ae1c89b80303b353ceee5b3'[0m[0m
[1m==> default: [mNotice: /Stage[main]/Tomcat7::Config/File[/etc/default/tomcat7]/group: group changed 'root' to 'tomcat7'[0m[0m
[1m==> default: [mNotice: /Stage[main]/Tomcat7::Config/File[/etc/default/tomcat7]/mode: mode changed '0644' to '0640'[0m[0m
[1m==> default: [mNotice: /Stage[main]/Tomcat7::Config/File[/etc/logrotate.d/rotatelogs-tomcat-accesslog]/ensure: defined content as '{md5}bc2556a295cfc69785b628a5c712ed4b'[0m[0m
[1m==> default: [0;32mInfo: Computing checksum on file /etc/tomcat7/tomcat-users.xml[0m[0m
[1m==> default: [0;32mInfo: /Stage[main]/Tomcat7::Config/File[/etc/tomcat7/tomcat-users.xml]: Filebucketed /etc/tomcat7/tomcat-users.xml to puppet with sum 4d9f57e1f2d2cc184a5972322df68852[0m[0m
[1m==> default: [mNotice: /Stage[main]/Tomcat7::Config/File[/etc/tomcat7/tomcat-users.xml]/content: content changed '{md5}4d9f57e1f2d2cc184a5972322df68852' to '{md5}57268c1f9ee121a60535cca9ff2d575e'[0m[0m
[1m==> default: [0;32mInfo: Computing checksum on file /etc/tomcat7/server.xml[0m[0m
[1m==> default: [0;32mInfo: /Stage[main]/Tomcat7::Config/File[/etc/tomcat7/server.xml]: Filebucketed /etc/tomcat7/server.xml to puppet with sum 523967040584a921450af2265902568d[0m[0m
[1m==> default: [mNotice: /Stage[main]/Tomcat7::Config/File[/etc/tomcat7/server.xml]/content: content changed '{md5}523967040584a921450af2265902568d' to '{md5}b132adb0bf6d0c26f6388aeaa76df5f6'[0m[0m
[1m==> default: [mNotice: /Stage[main]/Java/Package[java]/ensure: ensure changed 'purged' to 'present'[0m[0m
[1m==> default: [0;32mInfo: Computing checksum on file /var/lib/tomcat7/webapps/ROOT/index.html[0m[0m
[1m==> default: [0;32mInfo: /Stage[main]/Main/File[/var/lib/tomcat7/webapps/ROOT/index.html]: Filebucketed /var/lib/tomcat7/webapps/ROOT/index.html to puppet with sum c243df337b0e8dc299eddaa849b476f9[0m[0m
[1m==> default: [mNotice: /Stage[main]/Main/File[/var/lib/tomcat7/webapps/ROOT/index.html]/content: content changed '{md5}c243df337b0e8dc299eddaa849b476f9' to '{md5}a130f4981dd1a2da3c00f6f79590c5f4'[0m[0m
[1m==> default: [mNotice: /Stage[main]/Main/File[/var/lib/tomcat7/webapps/ROOT/index.html]/owner: owner changed 'root' to 'tomcat7'[0m[0m
[1m==> default: [mNotice: /Stage[main]/Main/File[/var/lib/tomcat7/webapps/ROOT/index.html]/group: group changed 'root' to 'tomcat7'[0m[0m
[1m==> default: [mNotice: /Stage[main]/Jenkins::Repo::Debian/Apt::Source[jenkins]/Apt::Key[Add key: D50582E6 from Apt::Source jenkins]/Apt_key[Add key: D50582E6 from Apt::Source jenkins]/ensure: created[0m[0m
[1m==> default: [mNotice: /Stage[main]/Jenkins::Repo::Debian/Apt::Source[jenkins]/File[jenkins.list]/ensure: created[0m[0m
[1m==> default: [0;32mInfo: /Stage[main]/Jenkins::Repo::Debian/Apt::Source[jenkins]/File[jenkins.list]: Scheduling refresh of Exec[apt_update][0m[0m
[1m==> default: [mNotice: /Stage[main]/Apt::Update/Exec[apt_update]: Triggered 'refresh' from 1 events[0m[0m
[1m==> default: [mNotice: /Stage[main]/Jenkins::Package/Package[jenkins]/ensure: ensure changed 'purged' to 'present'[0m[0m
[1m==> default: [mNotice: /Stage[main]/Jenkins::Config/Jenkins::Sysconfig[HTTP_PORT]/File_line[Jenkins sysconfig setting HTTP_PORT]/ensure: created[0m[0m
[1m==> default: [0;32mInfo: /Stage[main]/Jenkins::Config/Jenkins::Sysconfig[HTTP_PORT]/File_line[Jenkins sysconfig setting HTTP_PORT]: Scheduling refresh of Service[jenkins][0m[0m
[1m==> default: [mNotice: /Stage[main]/Main/Jenkins::Plugin[ansicolor]/File[/var/lib/jenkins/plugins]/ensure: created[0m[0m
[1m==> default: [mNotice: /Stage[main]/Main/Jenkins::Plugin[token-macro]/Exec[download-token-macro]/returns: executed successfully[0m[0m
[1m==> default: [mNotice: /Stage[main]/Main/Jenkins::Plugin[git]/Exec[download-git]/returns: executed successfully[0m[0m
[1m==> default: [mNotice: /Stage[main]/Main/Jenkins::Plugin[git]/File[/var/lib/jenkins/plugins/git.hpi]/owner: owner changed 'root' to 'jenkins'[0m[0m
[1m==> default: [0;32mInfo: /Stage[main]/Main/Jenkins::Plugin[git]/File[/var/lib/jenkins/plugins/git.hpi]: Scheduling refresh of Service[jenkins][0m[0m
[1m==> default: [mNotice: /Stage[main]/Main/Jenkins::Plugin[scm-api]/Exec[download-scm-api]/returns: executed successfully[0m[0m
[1m==> default: [mNotice: /Stage[main]/Main/Jenkins::Plugin[promoted-builds]/Exec[download-promoted-builds]/returns: executed successfully[0m[0m
[1m==> default: [mNotice: /Stage[main]/Main/Jenkins::Plugin[git-client]/Exec[download-git-client]/returns: executed successfully[0m[0m
[1m==> default: [mNotice: /Stage[main]/Main/Jenkins::Plugin[multiple-scms]/Exec[download-multiple-scms]/returns: executed successfully[0m[0m
[1m==> default: [mNotice: /Stage[main]/Main/Jenkins::Plugin[multiple-scms]/File[/var/lib/jenkins/plugins/multiple-scms.hpi]/owner: owner changed 'root' to 'jenkins'[0m[0m
[1m==> default: [0;32mInfo: /Stage[main]/Main/Jenkins::Plugin[multiple-scms]/File[/var/lib/jenkins/plugins/multiple-scms.hpi]: Scheduling refresh of Service[jenkins][0m[0m
[1m==> default: [mNotice: /Stage[main]/Main/Jenkins::Plugin[deploy]/Exec[download-deploy]/returns: executed successfully[0m[0m
[1m==> default: [mNotice: /Stage[main]/Main/Jenkins::Plugin[git-client]/File[/var/lib/jenkins/plugins/git-client.hpi]/owner: owner changed 'root' to 'jenkins'[0m[0m
[1m==> default: [0;32mInfo: /Stage[main]/Main/Jenkins::Plugin[git-client]/File[/var/lib/jenkins/plugins/git-client.hpi]: Scheduling refresh of Service[jenkins][0m[0m
[1m==> default: [mNotice: /Stage[main]/Main/Jenkins::Plugin[scm-api]/File[/var/lib/jenkins/plugins/scm-api.hpi]/owner: owner changed 'root' to 'jenkins'[0m[0m
[1m==> default: [0;32mInfo: /Stage[main]/Main/Jenkins::Plugin[scm-api]/File[/var/lib/jenkins/plugins/scm-api.hpi]: Scheduling refresh of Service[jenkins][0m[0m
[1m==> default: [mNotice: /Stage[main]/Main/Jenkins::Plugin[ws-cleanup]/Exec[download-ws-cleanup]/returns: executed successfully[0m[0m
[1m==> default: [mNotice: /Stage[main]/Main/Jenkins::Plugin[ws-cleanup]/File[/var/lib/jenkins/plugins/ws-cleanup.hpi]/owner: owner changed 'root' to 'jenkins'[0m[0m
[1m==> default: [0;32mInfo: /Stage[main]/Main/Jenkins::Plugin[ws-cleanup]/File[/var/lib/jenkins/plugins/ws-cleanup.hpi]: Scheduling refresh of Service[jenkins][0m[0m
[1m==> default: [mNotice: /Stage[main]/Main/Jenkins::Plugin[token-macro]/File[/var/lib/jenkins/plugins/token-macro.hpi]/owner: owner changed 'root' to 'jenkins'[0m[0m
[1m==> default: [0;32mInfo: /Stage[main]/Main/Jenkins::Plugin[token-macro]/File[/var/lib/jenkins/plugins/token-macro.hpi]: Scheduling refresh of Service[jenkins][0m[0m
[1m==> default: [mNotice: /Stage[main]/Main/Jenkins::Plugin[ssh]/Exec[download-ssh]/returns: executed successfully[0m[0m
[1m==> default: [mNotice: /Stage[main]/Main/Jenkins::Plugin[ssh]/File[/var/lib/jenkins/plugins/ssh.hpi]/owner: owner changed 'root' to 'jenkins'[0m[0m
[1m==> default: [0;32mInfo: /Stage[main]/Main/Jenkins::Plugin[ssh]/File[/var/lib/jenkins/plugins/ssh.hpi]: Scheduling refresh of Service[jenkins][0m[0m
[1m==> default: [mNotice: /Stage[main]/Main/Jenkins::Plugin[deploy]/File[/var/lib/jenkins/plugins/deploy.hpi]/owner: owner changed 'root' to 'jenkins'[0m[0m
[1m==> default: [0;32mInfo: /Stage[main]/Main/Jenkins::Plugin[deploy]/File[/var/lib/jenkins/plugins/deploy.hpi]: Scheduling refresh of Service[jenkins][0m[0m
[1m==> default: [mNotice: /Stage[main]/Main/Jenkins::Plugin[ansicolor]/Exec[download-ansicolor]/returns: executed successfully[0m[0m
[1m==> default: [mNotice: /Stage[main]/Main/Jenkins::Plugin[ansicolor]/File[/var/lib/jenkins/plugins/ansicolor.hpi]/owner: owner changed 'root' to 'jenkins'[0m[0m
[1m==> default: [0;32mInfo: /Stage[main]/Main/Jenkins::Plugin[ansicolor]/File[/var/lib/jenkins/plugins/ansicolor.hpi]: Scheduling refresh of Service[jenkins][0m[0m
[1m==> default: [mNotice: /Stage[main]/Main/Jenkins::Plugin[parameterized-trigger]/Exec[download-parameterized-trigger]/returns: executed successfully[0m[0m
[1m==> default: [mNotice: /Stage[main]/Main/Jenkins::Plugin[parameterized-trigger]/File[/var/lib/jenkins/plugins/parameterized-trigger.hpi]/owner: owner changed 'root' to 'jenkins'[0m[0m
[1m==> default: [0;32mInfo: /Stage[main]/Main/Jenkins::Plugin[parameterized-trigger]/File[/var/lib/jenkins/plugins/parameterized-trigger.hpi]: Scheduling refresh of Service[jenkins][0m[0m
[1m==> default: [mNotice: /Stage[main]/Main/Jenkins::Plugin[ssh-credentials]/Exec[download-ssh-credentials]/returns: executed successfully[0m[0m
[1m==> default: [mNotice: /Stage[main]/Main/Jenkins::Plugin[ssh-credentials]/File[/var/lib/jenkins/plugins/ssh-credentials.hpi]/owner: owner changed 'root' to 'jenkins'[0m[0m
[1m==> default: [0;32mInfo: /Stage[main]/Main/Jenkins::Plugin[ssh-credentials]/File[/var/lib/jenkins/plugins/ssh-credentials.hpi]: Scheduling refresh of Service[jenkins][0m[0m
[1m==> default: [mNotice: /Stage[main]/Jenkins::Config/Jenkins::Sysconfig[AJP_PORT]/File_line[Jenkins sysconfig setting AJP_PORT]/ensure: created[0m[0m
[1m==> default: [0;32mInfo: /Stage[main]/Jenkins::Config/Jenkins::Sysconfig[AJP_PORT]/File_line[Jenkins sysconfig setting AJP_PORT]: Scheduling refresh of Service[jenkins][0m[0m
[1m==> default: [mNotice: /Stage[main]/Main/Jenkins::Plugin[credentials]/Exec[download-credentials]/returns: executed successfully[0m[0m
[1m==> default: [mNotice: /Stage[main]/Main/Jenkins::Plugin[credentials]/File[/var/lib/jenkins/plugins/credentials.hpi]/owner: owner changed 'root' to 'jenkins'[0m[0m
[1m==> default: [0;32mInfo: /Stage[main]/Main/Jenkins::Plugin[credentials]/File[/var/lib/jenkins/plugins/credentials.hpi]: Scheduling refresh of Service[jenkins][0m[0m
[1m==> default: [mNotice: /Stage[main]/Main/Jenkins::Plugin[promoted-builds]/File[/var/lib/jenkins/plugins/promoted-builds.hpi]/owner: owner changed 'root' to 'jenkins'[0m[0m
[1m==> default: [0;32mInfo: /Stage[main]/Main/Jenkins::Plugin[promoted-builds]/File[/var/lib/jenkins/plugins/promoted-builds.hpi]: Scheduling refresh of Service[jenkins][0m[0m
[1m==> default: [mNotice: /Stage[main]/Jenkins::Service/Service[jenkins]/ensure: ensure changed 'stopped' to 'running'[0m[0m
[1m==> default: [0;32mInfo: /Stage[main]/Jenkins::Service/Service[jenkins]: Unscheduling refresh on Service[jenkins][0m[0m
[1m==> default: [mNotice: /Stage[main]/Main/Vcsrepo[/usr/local/src/hello-world]/ensure: Creating repository from present[0m[0m
[1m==> default: [mNotice: /Stage[main]/Main/Vcsrepo[/usr/local/src/hello-world]/ensure: created[0m[0m
[1m==> default: [mNotice: /Stage[main]/Main/File[/usr/local/src/hello-world/.git/hooks/post-commit]/ensure: created[0m[0m
[1m==> default: [mNotice: Finished catalog run in 476.29 seconds[0m[0m
[1m==> default: Running provisioner: shell...[0m
[0m    default: Running: /tmp/vagrant-shell20140918-4574-1f9innn.sh[0m
[1;31m==> default: stdin: is not a tty[0m
[1;32m==> default: Starting Post Install provisioning[0m
[1;32m==> default: Configuring Jenkins[0m
[1;32m==> default: Restarting Jenkins[0m
[1;32m==> default:  * Restarting Jenkins Continuous Integration Server jenkins[0m
[1;32m==> default:    ...done.[0m
[1;32m==> default: Restarting Tomcat[0m
[1;32m==> default:  * Stopping Tomcat servlet engine tomcat7[0m
[1;32m==> default:    ...done.[0m
[1;32m==> default:  * Starting Tomcat servlet engine tomcat7[0m
[1;32m==> default:    ...done.[0m
[1;32m==> default: Jenkins is available at http://localhost:8090[0m
[1;32m==> default: Tomcat manager at http://localhost:8080/manager[0m
[1;32m==> default:   user=manager, password=12345[0m
]0;crpeck@nix1:~/dev/vagrant-mabug[crpeck@nix1 vagrant-mabug]$ exit

Script done on Thu 18 Sep 2014 02:02:23 PM EDT
